<?xml version="1.0" encoding="UTF-8"?>
<testsuite name="com.gayan.cashcard.CashCardApplicationTests" tests="3" skipped="0" failures="0" errors="0" timestamp="2024-08-03T18:31:05" hostname="Gayans-MacBook-Pro.local" time="0.53">
  <properties/>
  <testcase name="shouldReturnACashCardWhenDataIsSaved()" classname="com.gayan.cashcard.CashCardApplicationTests" time="0.52"/>
  <testcase name="contextLoads()" classname="com.gayan.cashcard.CashCardApplicationTests" time="0.002"/>
  <testcase name="shouldNotReturnACashCardWithAnUnknownId()" classname="com.gayan.cashcard.CashCardApplicationTests" time="0.007"/>
  <system-out><![CDATA[00:01:04.884 [Test worker] INFO org.springframework.test.context.support.AnnotationConfigContextLoaderUtils -- Could not detect default configuration classes for test class [com.gayan.cashcard.CashCardApplicationTests]: CashCardApplicationTests does not declare any static, non-private, non-final, nested classes annotated with @Configuration.
00:01:04.931 [Test worker] INFO org.springframework.boot.test.context.SpringBootTestContextBootstrapper -- Found @SpringBootConfiguration com.gayan.cashcard.CashCardApplication for test class com.gayan.cashcard.CashCardApplicationTests

  .   ____          _            __ _ _
 /\\ / ___'_ __ _ _(_)_ __  __ _ \ \ \ \
( ( )\___ | '_ | '_| | '_ \/ _` | \ \ \ \
 \\/  ___)| |_)| | | | | || (_| |  ) ) ) )
  '  |____| .__|_| |_|_| |_\__, | / / / /
 =========|_|==============|___/=/_/_/_/

 :: Spring Boot ::                (v3.3.2)

2024-08-04T00:01:05.092+05:30  INFO 23534 --- [CashCard] [    Test worker] c.g.cashcard.CashCardApplicationTests    : Starting CashCardApplicationTests using Java 17.0.12 with PID 23534 (started by gayankalinga in /Users/gayankalinga/Developer/cashcard)
2024-08-04T00:01:05.093+05:30  INFO 23534 --- [CashCard] [    Test worker] c.g.cashcard.CashCardApplicationTests    : No active profile set, falling back to 1 default profile: "default"
2024-08-04T00:01:05.329+05:30  INFO 23534 --- [CashCard] [    Test worker] .s.d.r.c.RepositoryConfigurationDelegate : Bootstrapping Spring Data JDBC repositories in DEFAULT mode.
2024-08-04T00:01:05.346+05:30  INFO 23534 --- [CashCard] [    Test worker] .s.d.r.c.RepositoryConfigurationDelegate : Finished Spring Data repository scanning in 15 ms. Found 1 JDBC repository interface.
2024-08-04T00:01:05.544+05:30  INFO 23534 --- [CashCard] [    Test worker] o.s.b.w.embedded.tomcat.TomcatWebServer  : Tomcat initialized with port 0 (http)
2024-08-04T00:01:05.549+05:30  INFO 23534 --- [CashCard] [    Test worker] o.apache.catalina.core.StandardService   : Starting service [Tomcat]
2024-08-04T00:01:05.549+05:30  INFO 23534 --- [CashCard] [    Test worker] o.apache.catalina.core.StandardEngine    : Starting Servlet engine: [Apache Tomcat/10.1.26]
2024-08-04T00:01:05.576+05:30  INFO 23534 --- [CashCard] [    Test worker] o.a.c.c.C.[Tomcat].[localhost].[/]       : Initializing Spring embedded WebApplicationContext
2024-08-04T00:01:05.576+05:30  INFO 23534 --- [CashCard] [    Test worker] w.s.c.ServletWebServerApplicationContext : Root WebApplicationContext: initialization completed in 476 ms
2024-08-04T00:01:05.617+05:30  INFO 23534 --- [CashCard] [    Test worker] o.s.j.d.e.EmbeddedDatabaseFactory        : Starting embedded database: url='jdbc:h2:mem:bfde8da7-83f2-489f-8aa3-268ca4fcb329;DB_CLOSE_DELAY=-1;DB_CLOSE_ON_EXIT=false', username='sa'
2024-08-04T00:01:05.956+05:30  INFO 23534 --- [CashCard] [    Test worker] o.s.b.w.embedded.tomcat.TomcatWebServer  : Tomcat started on port 53624 (http) with context path '/'
2024-08-04T00:01:05.961+05:30  INFO 23534 --- [CashCard] [    Test worker] c.g.cashcard.CashCardApplicationTests    : Started CashCardApplicationTests in 0.972 seconds (process running for 1.442)
2024-08-04T00:01:06.375+05:30  INFO 23534 --- [CashCard] [o-auto-1-exec-1] o.a.c.c.C.[Tomcat].[localhost].[/]       : Initializing Spring DispatcherServlet 'dispatcherServlet'
2024-08-04T00:01:06.375+05:30  INFO 23534 --- [CashCard] [o-auto-1-exec-1] o.s.web.servlet.DispatcherServlet        : Initializing Servlet 'dispatcherServlet'
2024-08-04T00:01:06.376+05:30  INFO 23534 --- [CashCard] [o-auto-1-exec-1] o.s.web.servlet.DispatcherServlet        : Completed initialization in 1 ms
Optional[CashCard[id=99, amount=123.45]]
]]></system-out>
  <system-err><![CDATA[]]></system-err>
</testsuite>
