<?xml version="1.0" encoding="UTF-8"?>
<testsuite name="com.gayan.cashcard.CashCardJsonTest" tests="2" skipped="0" failures="0" errors="0" timestamp="2024-08-03T18:31:06" hostname="Gayans-MacBook-Pro.local" time="0.028">
  <properties/>
  <testcase name="cashCardSerializationTest()" classname="com.gayan.cashcard.CashCardJsonTest" time="0.013"/>
  <testcase name="cashCardDeserialisationTest()" classname="com.gayan.cashcard.CashCardJsonTest" time="0.014"/>
  <system-out><![CDATA[2024-08-04T00:01:06.498+05:30  INFO 23534 --- [CashCard] [    Test worker] t.c.s.AnnotationConfigContextLoaderUtils : Could not detect default configuration classes for test class [com.gayan.cashcard.CashCardJsonTest]: CashCardJsonTest does not declare any static, non-private, non-final, nested classes annotated with @Configuration.
2024-08-04T00:01:06.503+05:30  INFO 23534 --- [CashCard] [    Test worker] .b.t.c.SpringBootTestContextBootstrapper : Found @SpringBootConfiguration com.gayan.cashcard.CashCardApplication for test class com.gayan.cashcard.CashCardJsonTest

  .   ____          _            __ _ _
 /\\ / ___'_ __ _ _(_)_ __  __ _ \ \ \ \
( ( )\___ | '_ | '_| | '_ \/ _` | \ \ \ \
 \\/  ___)| |_)| | | | | || (_| |  ) ) ) )
  '  |____| .__|_| |_|_| |_\__, | / / / /
 =========|_|==============|___/=/_/_/_/

 :: Spring Boot ::                (v3.3.2)

2024-08-04T00:01:06.514+05:30  INFO 23534 --- [CashCard] [    Test worker] com.gayan.cashcard.CashCardJsonTest      : Starting CashCardJsonTest using Java 17.0.12 with PID 23534 (started by gayankalinga in /Users/gayankalinga/Developer/cashcard)
2024-08-04T00:01:06.514+05:30  INFO 23534 --- [CashCard] [    Test worker] com.gayan.cashcard.CashCardJsonTest      : No active profile set, falling back to 1 default profile: "default"
2024-08-04T00:01:06.557+05:30  INFO 23534 --- [CashCard] [    Test worker] com.gayan.cashcard.CashCardJsonTest      : Started CashCardJsonTest in 0.052 seconds (process running for 2.038)
]]></system-out>
  <system-err><![CDATA[]]></system-err>
</testsuite>
